# This is the CMakeCache file.
# For build in directory: /home/ANT.AMAZON.COM/nslick/nccl-net-ofi/contrib/tools/show-tuner-decisions/build/cp312-cp312-linux_x86_64
# It was generated by CMake: /home/ANT.AMAZON.COM/nslick/.cache/uv/builds-v0/.tmp7wtpXY/lib/python3.12/site-packages/cmake/data/bin/cmake
# You can edit this file to change values found and used by cmake.
# If you do not want to change any of the values, simply exit the editor.
# If you do want to change a value, simply edit, save, and exit the editor.
# The syntax for the file is as follows:
# KEY:TYPE=VALUE
# KEY is the name of a variable in the cache.
# TYPE is a hint to GUIs for the type of VALUE, DO NOT EDIT TYPE!.
# VALUE is the current value for the KEY.

########################
# EXTERNAL cache entries
########################

//Path to a program.
CMAKE_ADDR2LINE:FILEPATH=/usr/bin/x86_64-linux-gnu-addr2line

//Path to a program.
CMAKE_AR:FILEPATH=/usr/bin/x86_64-linux-gnu-ar

//No help, variable specified on the command line.
CMAKE_BUILD_TYPE:STRING=Release

//CXX compiler
CMAKE_CXX_COMPILER:FILEPATH=/usr/bin/x86_64-linux-gnu-g++

//A wrapper around 'ar' adding the appropriate '--plugin' option
// for the GCC compiler
CMAKE_CXX_COMPILER_AR:FILEPATH=/usr/bin/x86_64-linux-gnu-gcc-ar-13

//A wrapper around 'ranlib' adding the appropriate '--plugin' option
// for the GCC compiler
CMAKE_CXX_COMPILER_RANLIB:FILEPATH=/usr/bin/x86_64-linux-gnu-gcc-ranlib-13

//Flags used by the CXX compiler during all build types.
CMAKE_CXX_FLAGS:STRING=

//Flags used by the CXX compiler during DEBUG builds.
CMAKE_CXX_FLAGS_DEBUG:STRING=-g

//Flags used by the CXX compiler during MINSIZEREL builds.
CMAKE_CXX_FLAGS_MINSIZEREL:STRING=-Os -DNDEBUG

//Flags used by the CXX compiler during RELEASE builds.
CMAKE_CXX_FLAGS_RELEASE:STRING=-O3 -DNDEBUG

//Flags used by the CXX compiler during RELWITHDEBINFO builds.
CMAKE_CXX_FLAGS_RELWITHDEBINFO:STRING=-O2 -g -DNDEBUG

//Path to a program.
CMAKE_DLLTOOL:FILEPATH=CMAKE_DLLTOOL-NOTFOUND

//Flags used by the linker during all build types.
CMAKE_EXE_LINKER_FLAGS:STRING=

//Flags used by the linker during DEBUG builds.
CMAKE_EXE_LINKER_FLAGS_DEBUG:STRING=

//Flags used by the linker during MINSIZEREL builds.
CMAKE_EXE_LINKER_FLAGS_MINSIZEREL:STRING=

//Flags used by the linker during RELEASE builds.
CMAKE_EXE_LINKER_FLAGS_RELEASE:STRING=

//Flags used by the linker during RELWITHDEBINFO builds.
CMAKE_EXE_LINKER_FLAGS_RELWITHDEBINFO:STRING=

//Enable/Disable output of build database during the build.
CMAKE_EXPORT_BUILD_DATABASE:BOOL=

//Enable/Disable output of compile commands during generation.
CMAKE_EXPORT_COMPILE_COMMANDS:BOOL=

//Value Computed by CMake.
CMAKE_FIND_PACKAGE_REDIRECTS_DIR:STATIC=/home/ANT.AMAZON.COM/nslick/nccl-net-ofi/contrib/tools/show-tuner-decisions/build/cp312-cp312-linux_x86_64/CMakeFiles/pkgRedirects

CMAKE_FIND_ROOT_PATH_MODE_PACKAGE:PATH=BOTH

//Install path prefix, prepended onto install directories.
CMAKE_INSTALL_PREFIX:PATH=/tmp/tmpyzsqdkev/wheel/platlib

//Path to a program.
CMAKE_LINKER:FILEPATH=/usr/bin/x86_64-linux-gnu-ld

//No help, variable specified on the command line.
CMAKE_MAKE_PROGRAM:UNINITIALIZED=/home/ANT.AMAZON.COM/nslick/.cache/uv/builds-v0/.tmp7wtpXY/lib/python3.12/site-packages/ninja/data/bin/ninja

//Flags used by the linker during the creation of modules during
// all build types.
CMAKE_MODULE_LINKER_FLAGS:STRING=

//Flags used by the linker during the creation of modules during
// DEBUG builds.
CMAKE_MODULE_LINKER_FLAGS_DEBUG:STRING=

//Flags used by the linker during the creation of modules during
// MINSIZEREL builds.
CMAKE_MODULE_LINKER_FLAGS_MINSIZEREL:STRING=

//Flags used by the linker during the creation of modules during
// RELEASE builds.
CMAKE_MODULE_LINKER_FLAGS_RELEASE:STRING=

//Flags used by the linker during the creation of modules during
// RELWITHDEBINFO builds.
CMAKE_MODULE_LINKER_FLAGS_RELWITHDEBINFO:STRING=

//Path to a program.
CMAKE_NM:FILEPATH=/usr/bin/x86_64-linux-gnu-nm

//Path to a program.
CMAKE_OBJCOPY:FILEPATH=/usr/bin/x86_64-linux-gnu-objcopy

//Path to a program.
CMAKE_OBJDUMP:FILEPATH=/usr/bin/x86_64-linux-gnu-objdump

CMAKE_PREFIX_PATH:PATH=/home/ANT.AMAZON.COM/nslick/.cache/uv/builds-v0/.tmp7wtpXY/lib/python3.12/site-packages

//Value Computed by CMake
CMAKE_PROJECT_DESCRIPTION:STATIC=

//Value Computed by CMake
CMAKE_PROJECT_HOMEPAGE_URL:STATIC=

//Value Computed by CMake
CMAKE_PROJECT_NAME:STATIC=show_tuner_decisions

//Path to a program.
CMAKE_RANLIB:FILEPATH=/usr/bin/x86_64-linux-gnu-ranlib

//Path to a program.
CMAKE_READELF:FILEPATH=/usr/bin/x86_64-linux-gnu-readelf

//Flags used by the linker during the creation of shared libraries
// during all build types.
CMAKE_SHARED_LINKER_FLAGS:STRING=

//Flags used by the linker during the creation of shared libraries
// during DEBUG builds.
CMAKE_SHARED_LINKER_FLAGS_DEBUG:STRING=

//Flags used by the linker during the creation of shared libraries
// during MINSIZEREL builds.
CMAKE_SHARED_LINKER_FLAGS_MINSIZEREL:STRING=

//Flags used by the linker during the creation of shared libraries
// during RELEASE builds.
CMAKE_SHARED_LINKER_FLAGS_RELEASE:STRING=

//Flags used by the linker during the creation of shared libraries
// during RELWITHDEBINFO builds.
CMAKE_SHARED_LINKER_FLAGS_RELWITHDEBINFO:STRING=

//If set, runtime paths are not added when installing shared libraries,
// but are added when building.
CMAKE_SKIP_INSTALL_RPATH:BOOL=NO

//If set, runtime paths are not added when using shared libraries.
CMAKE_SKIP_RPATH:BOOL=NO

//Flags used by the linker during the creation of static libraries
// during all build types.
CMAKE_STATIC_LINKER_FLAGS:STRING=

//Flags used by the linker during the creation of static libraries
// during DEBUG builds.
CMAKE_STATIC_LINKER_FLAGS_DEBUG:STRING=

//Flags used by the linker during the creation of static libraries
// during MINSIZEREL builds.
CMAKE_STATIC_LINKER_FLAGS_MINSIZEREL:STRING=

//Flags used by the linker during the creation of static libraries
// during RELEASE builds.
CMAKE_STATIC_LINKER_FLAGS_RELEASE:STRING=

//Flags used by the linker during the creation of static libraries
// during RELWITHDEBINFO builds.
CMAKE_STATIC_LINKER_FLAGS_RELWITHDEBINFO:STRING=

//Path to a program.
CMAKE_STRIP:FILEPATH=/usr/bin/x86_64-linux-gnu-strip

//Path to a program.
CMAKE_TAPI:FILEPATH=CMAKE_TAPI-NOTFOUND

//If this value is on, makefiles will be generated without the
// .SILENT directive, and all commands will be echoed to the console
// during the make.  This is useful for debugging only. With Visual
// Studio IDE projects all commands are done without /nologo.
CMAKE_VERBOSE_MAKEFILE:BOOL=FALSE

PYTHON_EXECUTABLE:STRING=/home/ANT.AMAZON.COM/nslick/.cache/uv/builds-v0/.tmp7wtpXY/bin/python

PYTHON_INCLUDE_DIR:PATH=/usr/include/python3.12

PYTHON_LIBRARY:PATH=/usr/lib/x86_64-linux-gnu/libpython3.12.so

Python3_EXECUTABLE:STRING=/home/ANT.AMAZON.COM/nslick/.cache/uv/builds-v0/.tmp7wtpXY/bin/python

Python3_FIND_REGISTRY:STRING=NEVER

Python3_INCLUDE_DIR:PATH=/usr/include/python3.12

Python3_ROOT_DIR:STRING=/home/ANT.AMAZON.COM/nslick/.cache/uv/builds-v0/.tmp7wtpXY

Python_EXECUTABLE:STRING=/home/ANT.AMAZON.COM/nslick/.cache/uv/builds-v0/.tmp7wtpXY/bin/python

Python_FIND_REGISTRY:STRING=NEVER

Python_INCLUDE_DIR:PATH=/usr/include/python3.12

Python_ROOT_DIR:STRING=/home/ANT.AMAZON.COM/nslick/.cache/uv/builds-v0/.tmp7wtpXY

SKBUILD:STRING=2

SKBUILD_CORE_VERSION:STRING=0.10.7

SKBUILD_DATA_DIR:PATH=/tmp/tmpyzsqdkev/wheel/data

SKBUILD_HEADERS_DIR:PATH=/tmp/tmpyzsqdkev/wheel/headers

SKBUILD_METADATA_DIR:PATH=/tmp/tmpyzsqdkev/wheel/metadata

SKBUILD_NULL_DIR:PATH=/tmp/tmpyzsqdkev/wheel/null

SKBUILD_PLATLIB_DIR:PATH=/tmp/tmpyzsqdkev/wheel/platlib

SKBUILD_PROJECT_NAME:STRING=show_tuner_decisions

SKBUILD_PROJECT_VERSION:STRING=0.1.0

SKBUILD_PROJECT_VERSION_FULL:STRING=0.1.0

SKBUILD_SABI_COMPONENT:STRING=

SKBUILD_SCRIPTS_DIR:PATH=/tmp/tmpyzsqdkev/wheel/scripts

SKBUILD_SOABI:STRING=cpython-312-x86_64-linux-gnu

SKBUILD_STATE:STRING=editable

//The directory containing a CMake configuration file for nanobind.
nanobind_DIR:PATH=/home/ANT.AMAZON.COM/nslick/.cache/uv/builds-v0/.tmp7wtpXY/lib/python3.12/site-packages/nanobind/cmake

//Value Computed by CMake
show_tuner_decisions_BINARY_DIR:STATIC=/home/ANT.AMAZON.COM/nslick/nccl-net-ofi/contrib/tools/show-tuner-decisions/build/cp312-cp312-linux_x86_64

//Value Computed by CMake
show_tuner_decisions_IS_TOP_LEVEL:STATIC=ON

//Value Computed by CMake
show_tuner_decisions_SOURCE_DIR:STATIC=/home/ANT.AMAZON.COM/nslick/nccl-net-ofi/contrib/tools/show-tuner-decisions


########################
# INTERNAL cache entries
########################

//ADVANCED property for variable: CMAKE_ADDR2LINE
CMAKE_ADDR2LINE-ADVANCED:INTERNAL=1
//ADVANCED property for variable: CMAKE_AR
CMAKE_AR-ADVANCED:INTERNAL=1
//This is the directory where this CMakeCache.txt was created
CMAKE_CACHEFILE_DIR:INTERNAL=/home/ANT.AMAZON.COM/nslick/nccl-net-ofi/contrib/tools/show-tuner-decisions/build/cp312-cp312-linux_x86_64
//Major version of cmake used to create the current loaded cache
CMAKE_CACHE_MAJOR_VERSION:INTERNAL=3
//Minor version of cmake used to create the current loaded cache
CMAKE_CACHE_MINOR_VERSION:INTERNAL=31
//Patch version of cmake used to create the current loaded cache
CMAKE_CACHE_PATCH_VERSION:INTERNAL=0
//Path to CMake executable.
CMAKE_COMMAND:INTERNAL=/home/ANT.AMAZON.COM/nslick/.cache/uv/builds-v0/.tmp7wtpXY/lib/python3.12/site-packages/cmake/data/bin/cmake
//Path to cpack program executable.
CMAKE_CPACK_COMMAND:INTERNAL=/home/ANT.AMAZON.COM/nslick/.cache/uv/builds-v0/.tmp7wtpXY/lib/python3.12/site-packages/cmake/data/bin/cpack
//Path to ctest program executable.
CMAKE_CTEST_COMMAND:INTERNAL=/home/ANT.AMAZON.COM/nslick/.cache/uv/builds-v0/.tmp7wtpXY/lib/python3.12/site-packages/cmake/data/bin/ctest
//ADVANCED property for variable: CMAKE_CXX_COMPILER
CMAKE_CXX_COMPILER-ADVANCED:INTERNAL=1
//ADVANCED property for variable: CMAKE_CXX_COMPILER_AR
CMAKE_CXX_COMPILER_AR-ADVANCED:INTERNAL=1
//ADVANCED property for variable: CMAKE_CXX_COMPILER_RANLIB
CMAKE_CXX_COMPILER_RANLIB-ADVANCED:INTERNAL=1
//ADVANCED property for variable: CMAKE_CXX_FLAGS
CMAKE_CXX_FLAGS-ADVANCED:INTERNAL=1
//ADVANCED property for variable: CMAKE_CXX_FLAGS_DEBUG
CMAKE_CXX_FLAGS_DEBUG-ADVANCED:INTERNAL=1
//ADVANCED property for variable: CMAKE_CXX_FLAGS_MINSIZEREL
CMAKE_CXX_FLAGS_MINSIZEREL-ADVANCED:INTERNAL=1
//ADVANCED property for variable: CMAKE_CXX_FLAGS_RELEASE
CMAKE_CXX_FLAGS_RELEASE-ADVANCED:INTERNAL=1
//ADVANCED property for variable: CMAKE_CXX_FLAGS_RELWITHDEBINFO
CMAKE_CXX_FLAGS_RELWITHDEBINFO-ADVANCED:INTERNAL=1
//ADVANCED property for variable: CMAKE_DLLTOOL
CMAKE_DLLTOOL-ADVANCED:INTERNAL=1
//Executable file format
CMAKE_EXECUTABLE_FORMAT:INTERNAL=ELF
//ADVANCED property for variable: CMAKE_EXE_LINKER_FLAGS
CMAKE_EXE_LINKER_FLAGS-ADVANCED:INTERNAL=1
//ADVANCED property for variable: CMAKE_EXE_LINKER_FLAGS_DEBUG
CMAKE_EXE_LINKER_FLAGS_DEBUG-ADVANCED:INTERNAL=1
//ADVANCED property for variable: CMAKE_EXE_LINKER_FLAGS_MINSIZEREL
CMAKE_EXE_LINKER_FLAGS_MINSIZEREL-ADVANCED:INTERNAL=1
//ADVANCED property for variable: CMAKE_EXE_LINKER_FLAGS_RELEASE
CMAKE_EXE_LINKER_FLAGS_RELEASE-ADVANCED:INTERNAL=1
//ADVANCED property for variable: CMAKE_EXE_LINKER_FLAGS_RELWITHDEBINFO
CMAKE_EXE_LINKER_FLAGS_RELWITHDEBINFO-ADVANCED:INTERNAL=1
//ADVANCED property for variable: CMAKE_EXPORT_BUILD_DATABASE
CMAKE_EXPORT_BUILD_DATABASE-ADVANCED:INTERNAL=1
//ADVANCED property for variable: CMAKE_EXPORT_COMPILE_COMMANDS
CMAKE_EXPORT_COMPILE_COMMANDS-ADVANCED:INTERNAL=1
//Name of external makefile project generator.
CMAKE_EXTRA_GENERATOR:INTERNAL=
//Name of generator.
CMAKE_GENERATOR:INTERNAL=Ninja
//Generator instance identifier.
CMAKE_GENERATOR_INSTANCE:INTERNAL=
//Name of generator platform.
CMAKE_GENERATOR_PLATFORM:INTERNAL=
//Name of generator toolset.
CMAKE_GENERATOR_TOOLSET:INTERNAL=
//Source directory with the top level CMakeLists.txt file for this
// project
CMAKE_HOME_DIRECTORY:INTERNAL=/home/ANT.AMAZON.COM/nslick/nccl-net-ofi/contrib/tools/show-tuner-decisions
//Install .so files without execute permission.
CMAKE_INSTALL_SO_NO_EXE:INTERNAL=1
//ADVANCED property for variable: CMAKE_LINKER
CMAKE_LINKER-ADVANCED:INTERNAL=1
//ADVANCED property for variable: CMAKE_MODULE_LINKER_FLAGS
CMAKE_MODULE_LINKER_FLAGS-ADVANCED:INTERNAL=1
//ADVANCED property for variable: CMAKE_MODULE_LINKER_FLAGS_DEBUG
CMAKE_MODULE_LINKER_FLAGS_DEBUG-ADVANCED:INTERNAL=1
//ADVANCED property for variable: CMAKE_MODULE_LINKER_FLAGS_MINSIZEREL
CMAKE_MODULE_LINKER_FLAGS_MINSIZEREL-ADVANCED:INTERNAL=1
//ADVANCED property for variable: CMAKE_MODULE_LINKER_FLAGS_RELEASE
CMAKE_MODULE_LINKER_FLAGS_RELEASE-ADVANCED:INTERNAL=1
//ADVANCED property for variable: CMAKE_MODULE_LINKER_FLAGS_RELWITHDEBINFO
CMAKE_MODULE_LINKER_FLAGS_RELWITHDEBINFO-ADVANCED:INTERNAL=1
//ADVANCED property for variable: CMAKE_NM
CMAKE_NM-ADVANCED:INTERNAL=1
//number of local generators
CMAKE_NUMBER_OF_MAKEFILES:INTERNAL=1
//ADVANCED property for variable: CMAKE_OBJCOPY
CMAKE_OBJCOPY-ADVANCED:INTERNAL=1
//ADVANCED property for variable: CMAKE_OBJDUMP
CMAKE_OBJDUMP-ADVANCED:INTERNAL=1
//Platform information initialized
CMAKE_PLATFORM_INFO_INITIALIZED:INTERNAL=1
//ADVANCED property for variable: CMAKE_RANLIB
CMAKE_RANLIB-ADVANCED:INTERNAL=1
//ADVANCED property for variable: CMAKE_READELF
CMAKE_READELF-ADVANCED:INTERNAL=1
//Path to CMake installation.
CMAKE_ROOT:INTERNAL=/home/ANT.AMAZON.COM/nslick/.cache/uv/builds-v0/.tmp7wtpXY/lib/python3.12/site-packages/cmake/data/share/cmake-3.31
//ADVANCED property for variable: CMAKE_SHARED_LINKER_FLAGS
CMAKE_SHARED_LINKER_FLAGS-ADVANCED:INTERNAL=1
//ADVANCED property for variable: CMAKE_SHARED_LINKER_FLAGS_DEBUG
CMAKE_SHARED_LINKER_FLAGS_DEBUG-ADVANCED:INTERNAL=1
//ADVANCED property for variable: CMAKE_SHARED_LINKER_FLAGS_MINSIZEREL
CMAKE_SHARED_LINKER_FLAGS_MINSIZEREL-ADVANCED:INTERNAL=1
//ADVANCED property for variable: CMAKE_SHARED_LINKER_FLAGS_RELEASE
CMAKE_SHARED_LINKER_FLAGS_RELEASE-ADVANCED:INTERNAL=1
//ADVANCED property for variable: CMAKE_SHARED_LINKER_FLAGS_RELWITHDEBINFO
CMAKE_SHARED_LINKER_FLAGS_RELWITHDEBINFO-ADVANCED:INTERNAL=1
//ADVANCED property for variable: CMAKE_SKIP_INSTALL_RPATH
CMAKE_SKIP_INSTALL_RPATH-ADVANCED:INTERNAL=1
//ADVANCED property for variable: CMAKE_SKIP_RPATH
CMAKE_SKIP_RPATH-ADVANCED:INTERNAL=1
//ADVANCED property for variable: CMAKE_STATIC_LINKER_FLAGS
CMAKE_STATIC_LINKER_FLAGS-ADVANCED:INTERNAL=1
//ADVANCED property for variable: CMAKE_STATIC_LINKER_FLAGS_DEBUG
CMAKE_STATIC_LINKER_FLAGS_DEBUG-ADVANCED:INTERNAL=1
//ADVANCED property for variable: CMAKE_STATIC_LINKER_FLAGS_MINSIZEREL
CMAKE_STATIC_LINKER_FLAGS_MINSIZEREL-ADVANCED:INTERNAL=1
//ADVANCED property for variable: CMAKE_STATIC_LINKER_FLAGS_RELEASE
CMAKE_STATIC_LINKER_FLAGS_RELEASE-ADVANCED:INTERNAL=1
//ADVANCED property for variable: CMAKE_STATIC_LINKER_FLAGS_RELWITHDEBINFO
CMAKE_STATIC_LINKER_FLAGS_RELWITHDEBINFO-ADVANCED:INTERNAL=1
//ADVANCED property for variable: CMAKE_STRIP
CMAKE_STRIP-ADVANCED:INTERNAL=1
//ADVANCED property for variable: CMAKE_TAPI
CMAKE_TAPI-ADVANCED:INTERNAL=1
//uname command
CMAKE_UNAME:INTERNAL=/usr/bin/uname
//ADVANCED property for variable: CMAKE_VERBOSE_MAKEFILE
CMAKE_VERBOSE_MAKEFILE-ADVANCED:INTERNAL=1
//Details about finding Python
FIND_PACKAGE_MESSAGE_DETAILS_Python:INTERNAL=[/home/ANT.AMAZON.COM/nslick/.cache/uv/builds-v0/.tmp7wtpXY/bin/python][/usr/include/python3.12][cfound components: Interpreter Development.Module Development.SABIModule ][v3.12.3()]
NB_ABI:INTERNAL=312
NB_DIR:INTERNAL=/home/ANT.AMAZON.COM/nslick/.cache/uv/builds-v0/.tmp7wtpXY/lib/python3.12/site-packages/nanobind
NB_OPT:INTERNAL=$<OR:$<CONFIG:Release>,$<CONFIG:MinSizeRel>>
NB_OPT_SIZE:INTERNAL=$<OR:$<CONFIG:Release>,$<CONFIG:MinSizeRel>,$<CONFIG:RelWithDebInfo>>
NB_SUFFIX:INTERNAL=.cpython-312-x86_64-linux-gnu.so
NB_SUFFIX_S:INTERNAL=.abi3.so
//linker supports push/pop state
_CMAKE_CXX_LINKER_PUSHPOP_STATE_SUPPORTED:INTERNAL=TRUE
//linker supports push/pop state
_CMAKE_LINKER_PUSHPOP_STATE_SUPPORTED:INTERNAL=TRUE
//Compiler reason failure
_Python_Compiler_REASON_FAILURE:INTERNAL=
_Python_DEVELOPMENT_MODULE_SIGNATURE:INTERNAL=d248c20f264f22c9eb7135fa9689058a
_Python_DEVELOPMENT_SABIMODULE_SIGNATURE:INTERNAL=d248c20f264f22c9eb7135fa9689058a
//Development reason failure
_Python_Development_REASON_FAILURE:INTERNAL=
_Python_EXECUTABLE:INTERNAL=/home/ANT.AMAZON.COM/nslick/.cache/uv/builds-v0/.tmp7wtpXY/bin/python
_Python_INCLUDE_DIR:INTERNAL=/usr/include/python3.12
//Python Properties
_Python_INTERPRETER_PROPERTIES:INTERNAL=Python;3;12;3;64;<none>;cpython-312-x86_64-linux-gnu;abi3;/usr/lib/python3.12;/home/ANT.AMAZON.COM/nslick/.cache/uv/builds-v0/.tmp7wtpXY/lib/python3.12;/home/ANT.AMAZON.COM/nslick/.cache/uv/builds-v0/.tmp7wtpXY/lib/python3.12/site-packages;/home/ANT.AMAZON.COM/nslick/.cache/uv/builds-v0/.tmp7wtpXY/lib/python3.12/site-packages
_Python_INTERPRETER_SIGNATURE:INTERNAL=eb010dc60a1e0e9475e7af592762aff7
//NumPy reason failure
_Python_NumPy_REASON_FAILURE:INTERNAL=

